<?xml version="1.0" encoding="UTF-8"?>
<testng-results ignored="0" total="1" passed="1" failed="0" skipped="0">
  <reporter-output>
    <line>
      <![CDATA[createcustomer]]>
    </line>
  </reporter-output>
  <suite started-at="2024-01-09T17:43:12 IST" name="Default suite" finished-at="2024-01-09T17:43:12 IST" duration-ms="44">
    <groups>
    </groups>
    <test started-at="2024-01-09T17:43:12 IST" name="Default test" finished-at="2024-01-09T17:43:12 IST" duration-ms="44">
      <class name="Generic.Base_class">
        <test-method signature="testcreatecustomer()[pri:0, instance:Generic.Base_class@2b662a77]" started-at="2024-01-09T17:43:12 IST" name="testcreatecustomer" finished-at="2024-01-09T17:43:12 IST" duration-ms="10" status="PASS">
          <reporter-output>
            <line>
              <![CDATA[createcustomer]]>
            </line>
          </reporter-output>
        </test-method> <!-- testcreatecustomer -->
      </class> <!-- Generic.Base_class -->
    </test> <!-- Default test -->
  </suite> <!-- Default suite -->
</testng-results>
